
=== Thu Oct 19 12:23:38 2023

Packages were changed.
Update Mode: updateDependencies

The following packages were added:
  com.unity.ai.navigation@1.1.5
The following packages were updated:
  com.unity.collab-proxy from version 2.0.1 to 2.1.0
  com.unity.ide.rider from version 3.0.18 to 3.0.25
  com.unity.ide.visualstudio from version 2.0.17 to 2.0.21
  com.unity.test-framework from version 1.1.31 to 1.1.33
  com.unity.timeline from version 1.6.4 to 1.7.5
  com.unity.visualscripting from version 1.8.0 to 1.9.1

=== Thu Jan  4 21:22:43 2024

Packages were changed.
Update Mode: updateDependencies

The following packages were updated:
  com.unity.collab-proxy from version 2.1.0 to 2.2.0
  com.unity.ide.rider from version 3.0.25 to 3.0.27
  com.unity.ide.visualstudio from version 2.0.21 to 2.0.22
  com.unity.timeline from version 1.7.5 to 1.7.6
